<?xml version="1.0" encoding="UTF-8"?>
<testsuite name="api.ReqresTest" tests="1" skipped="0" failures="0" errors="0" timestamp="2023-06-01T14:57:30" hostname="MYLEGIONCHIK" time="2.727">
  <properties/>
  <testcase name="checkRegistrationSuccessfully()" classname="api.ReqresTest" time="2.727"/>
  <system-out><![CDATA[17:57:32.844 [Test worker] DEBUG org.apache.http.impl.conn.BasicClientConnectionManager - Get connection for route {s}->https://reqres.in:443
17:57:32.875 [Test worker] DEBUG org.apache.http.impl.conn.DefaultClientConnectionOperator - Connecting to reqres.in:443
17:57:33.027 [Test worker] DEBUG org.apache.http.client.protocol.RequestAddCookies - CookieSpec selected: ignoreCookies
17:57:33.028 [Test worker] DEBUG org.apache.http.client.protocol.RequestAuthCache - Auth cache not set in the context
17:57:33.028 [Test worker] DEBUG org.apache.http.client.protocol.RequestTargetAuthentication - Target auth state: UNCHALLENGED
17:57:33.028 [Test worker] DEBUG org.apache.http.client.protocol.RequestProxyAuthentication - Proxy auth state: UNCHALLENGED
17:57:33.029 [Test worker] DEBUG org.apache.http.impl.client.DefaultHttpClient - Attempt 1 to execute request
17:57:33.029 [Test worker] DEBUG org.apache.http.impl.conn.DefaultClientConnection - Sending request: POST /api/register HTTP/1.1
17:57:33.029 [Test worker] DEBUG org.apache.http.wire -  >> "POST /api/register HTTP/1.1[\r][\n]"
17:57:33.030 [Test worker] DEBUG org.apache.http.wire -  >> "Accept: */*[\r][\n]"
17:57:33.030 [Test worker] DEBUG org.apache.http.wire -  >> "Content-Type: application/json[\r][\n]"
17:57:33.030 [Test worker] DEBUG org.apache.http.wire -  >> "Content-Length: 50[\r][\n]"
17:57:33.030 [Test worker] DEBUG org.apache.http.wire -  >> "Host: reqres.in[\r][\n]"
17:57:33.030 [Test worker] DEBUG org.apache.http.wire -  >> "Connection: Keep-Alive[\r][\n]"
17:57:33.030 [Test worker] DEBUG org.apache.http.wire -  >> "User-Agent: Apache-HttpClient/4.5.14 (Java/19.0.2)[\r][\n]"
17:57:33.030 [Test worker] DEBUG org.apache.http.wire -  >> "Accept-Encoding: gzip,deflate[\r][\n]"
17:57:33.030 [Test worker] DEBUG org.apache.http.wire -  >> "[\r][\n]"
17:57:33.030 [Test worker] DEBUG org.apache.http.headers - >> POST /api/register HTTP/1.1
17:57:33.030 [Test worker] DEBUG org.apache.http.headers - >> Accept: */*
17:57:33.030 [Test worker] DEBUG org.apache.http.headers - >> Content-Type: application/json
17:57:33.030 [Test worker] DEBUG org.apache.http.headers - >> Content-Length: 50
17:57:33.030 [Test worker] DEBUG org.apache.http.headers - >> Host: reqres.in
17:57:33.030 [Test worker] DEBUG org.apache.http.headers - >> Connection: Keep-Alive
17:57:33.030 [Test worker] DEBUG org.apache.http.headers - >> User-Agent: Apache-HttpClient/4.5.14 (Java/19.0.2)
17:57:33.030 [Test worker] DEBUG org.apache.http.headers - >> Accept-Encoding: gzip,deflate
17:57:33.030 [Test worker] DEBUG org.apache.http.wire -  >> "{"email":"eve.holt@reqres.in","password":"pistol"}"
17:57:33.176 [Test worker] DEBUG org.apache.http.wire -  << "HTTP/1.1 200 OK[\r][\n]"
17:57:33.178 [Test worker] DEBUG org.apache.http.wire -  << "Date: Thu, 01 Jun 2023 14:57:31 GMT[\r][\n]"
17:57:33.178 [Test worker] DEBUG org.apache.http.wire -  << "Content-Type: application/json; charset=utf-8[\r][\n]"
17:57:33.178 [Test worker] DEBUG org.apache.http.wire -  << "Content-Length: 36[\r][\n]"
17:57:33.178 [Test worker] DEBUG org.apache.http.wire -  << "Connection: keep-alive[\r][\n]"
17:57:33.178 [Test worker] DEBUG org.apache.http.wire -  << "X-Powered-By: Express[\r][\n]"
17:57:33.178 [Test worker] DEBUG org.apache.http.wire -  << "Access-Control-Allow-Origin: *[\r][\n]"
17:57:33.178 [Test worker] DEBUG org.apache.http.wire -  << "Etag: W/"24-4iP0za1geN2he+ohu8F0FhCjLks"[\r][\n]"
17:57:33.178 [Test worker] DEBUG org.apache.http.wire -  << "Via: 1.1 vegur[\r][\n]"
17:57:33.178 [Test worker] DEBUG org.apache.http.wire -  << "CF-Cache-Status: DYNAMIC[\r][\n]"
17:57:33.178 [Test worker] DEBUG org.apache.http.wire -  << "Report-To: {"endpoints":[{"url":"https:\/\/a.nel.cloudflare.com\/report\/v3?s=mKbjfXhjkCMqmBY5WSf2IsZCs6xMfNrfK9oVBNUGW1k%2FlfLAY0g2LqYlFgkS3hX09nrz84q9IE3ObJAgkKKeMTGRqZ7qGGtTjJVm3qNqDx4JtxfwPdhowmh51Q%3D%3D"}],"group":"cf-nel","max_age":604800}[\r][\n]"
17:57:33.178 [Test worker] DEBUG org.apache.http.wire -  << "NEL: {"success_fraction":0,"report_to":"cf-nel","max_age":604800}[\r][\n]"
17:57:33.178 [Test worker] DEBUG org.apache.http.wire -  << "Server: cloudflare[\r][\n]"
17:57:33.178 [Test worker] DEBUG org.apache.http.wire -  << "CF-RAY: 7d084f3b1aa70555-OTP[\r][\n]"
17:57:33.178 [Test worker] DEBUG org.apache.http.wire -  << "[\r][\n]"
17:57:33.179 [Test worker] DEBUG org.apache.http.impl.conn.DefaultClientConnection - Receiving response: HTTP/1.1 200 OK
17:57:33.179 [Test worker] DEBUG org.apache.http.headers - << HTTP/1.1 200 OK
17:57:33.179 [Test worker] DEBUG org.apache.http.headers - << Date: Thu, 01 Jun 2023 14:57:31 GMT
17:57:33.179 [Test worker] DEBUG org.apache.http.headers - << Content-Type: application/json; charset=utf-8
17:57:33.179 [Test worker] DEBUG org.apache.http.headers - << Content-Length: 36
17:57:33.179 [Test worker] DEBUG org.apache.http.headers - << Connection: keep-alive
17:57:33.179 [Test worker] DEBUG org.apache.http.headers - << X-Powered-By: Express
17:57:33.179 [Test worker] DEBUG org.apache.http.headers - << Access-Control-Allow-Origin: *
17:57:33.179 [Test worker] DEBUG org.apache.http.headers - << Etag: W/"24-4iP0za1geN2he+ohu8F0FhCjLks"
17:57:33.179 [Test worker] DEBUG org.apache.http.headers - << Via: 1.1 vegur
17:57:33.179 [Test worker] DEBUG org.apache.http.headers - << CF-Cache-Status: DYNAMIC
17:57:33.179 [Test worker] DEBUG org.apache.http.headers - << Report-To: {"endpoints":[{"url":"https:\/\/a.nel.cloudflare.com\/report\/v3?s=mKbjfXhjkCMqmBY5WSf2IsZCs6xMfNrfK9oVBNUGW1k%2FlfLAY0g2LqYlFgkS3hX09nrz84q9IE3ObJAgkKKeMTGRqZ7qGGtTjJVm3qNqDx4JtxfwPdhowmh51Q%3D%3D"}],"group":"cf-nel","max_age":604800}
17:57:33.179 [Test worker] DEBUG org.apache.http.headers - << NEL: {"success_fraction":0,"report_to":"cf-nel","max_age":604800}
17:57:33.179 [Test worker] DEBUG org.apache.http.headers - << Server: cloudflare
17:57:33.179 [Test worker] DEBUG org.apache.http.headers - << CF-RAY: 7d084f3b1aa70555-OTP
17:57:33.183 [Test worker] DEBUG org.apache.http.impl.client.DefaultHttpClient - Connection can be kept alive indefinitely
17:57:33.189 [Test worker] DEBUG io.restassured.internal.RestAssuredHttpBuilder - Parsing response as: application/json; charset=utf-8
17:57:33.189 [Test worker] DEBUG io.restassured.internal.RestAssuredHttpBuilder - Parsed data to instance of: class org.apache.http.conn.EofSensorInputStream
17:57:33.307 [Test worker] DEBUG org.apache.http.wire -  << "{"id":4,"token":"QpwL5tke4Pnpja7X4"}"
17:57:33.307 [Test worker] DEBUG org.apache.http.impl.conn.BasicClientConnectionManager - Releasing connection org.apache.http.impl.conn.ManagedClientConnectionImpl@7c1c0892
17:57:33.308 [Test worker] DEBUG org.apache.http.impl.conn.BasicClientConnectionManager - Connection can be kept alive indefinitely
HTTP/1.1 200 OK
Date: Thu, 01 Jun 2023 14:57:31 GMT
Content-Type: application/json; charset=utf-8
Content-Length: 36
Connection: keep-alive
X-Powered-By: Express
Access-Control-Allow-Origin: *
Etag: W/"24-4iP0za1geN2he+ohu8F0FhCjLks"
Via: 1.1 vegur
CF-Cache-Status: DYNAMIC
Report-To: {"endpoints":[{"url":"https:\/\/a.nel.cloudflare.com\/report\/v3?s=mKbjfXhjkCMqmBY5WSf2IsZCs6xMfNrfK9oVBNUGW1k%2FlfLAY0g2LqYlFgkS3hX09nrz84q9IE3ObJAgkKKeMTGRqZ7qGGtTjJVm3qNqDx4JtxfwPdhowmh51Q%3D%3D"}],"group":"cf-nel","max_age":604800}
NEL: {"success_fraction":0,"report_to":"cf-nel","max_age":604800}
Server: cloudflare
CF-RAY: 7d084f3b1aa70555-OTP

{
    "id": 4,
    "token": "QpwL5tke4Pnpja7X4"
}
]]></system-out>
  <system-err><![CDATA[]]></system-err>
</testsuite>
